
Showing logs for build [32mjstrachan-godemo40-pr-6-pr-buil-qp7wf-1[0m stage [32mfrom-build-pack[0m and container [32mstep-credential-initializer-2rphf[0m
{"level":"warn","ts":1585035330.306723,"logger":"fallback-logger","caller":"logging/config.go:69","msg":"Fetch GitHub commit ID from kodata failed: \"ref: refs/heads/0.8.0-**-support-backwards-incompats\" is not a valid GitHub commit ID"}
{"level":"info","ts":1585035330.3080614,"logger":"fallback-logger","caller":"creds-init/main.go:40","msg":"Credentials initialized."}

Showing logs for build [32mjstrachan-godemo40-pr-6-pr-buil-qp7wf-1[0m stage [32mfrom-build-pack[0m and container [32mstep-working-dir-initializer-pl9x7[0m
{"level":"warn","ts":1585035331.3287363,"logger":"fallback-logger","caller":"logging/config.go:69","msg":"Fetch GitHub commit ID from kodata failed: open /var/run/ko/HEAD: no such file or directory"}
{"level":"info","ts":1585035331.3302553,"logger":"fallback-logger","caller":"bash/main.go:64","msg":"Successfully executed command \"sh -c mkdir -p /workspace/source\"; output "}

Showing logs for build [32mjstrachan-godemo40-pr-6-pr-buil-qp7wf-1[0m stage [32mfrom-build-pack[0m and container [32mstep-place-tools[0m

Showing logs for build [32mjstrachan-godemo40-pr-6-pr-buil-qp7wf-1[0m stage [32mfrom-build-pack[0m and container [32mstep-git-source-jstrachan-godemo40-pr-6-pr-buil-qp7wf-v4z2z[0m
{"level":"warn","ts":1585035371.4899478,"logger":"fallback-logger","caller":"logging/config.go:69","msg":"Fetch GitHub commit ID from kodata failed: \"ref: refs/heads/0.8.0-**-support-backwards-incompats\" is not a valid GitHub commit ID"}
{"level":"info","ts":1585035372.5434697,"logger":"fallback-logger","caller":"git/git.go:103","msg":"Successfully cloned https://github.com/*********/godemo40.git @ master in path /workspace/source"}

Showing logs for build [32mjstrachan-godemo40-pr-6-pr-buil-qp7wf-1[0m stage [32mfrom-build-pack[0m and container [32mstep-git-merge[0m
Using SHAs from PULL_REFS=master:9ed4f4fd9d1fd973583e25dba39620cff8f1262e,6:90db4eae60aded1c701da46acd76957327575372
DEBUG: LC_ALL=C JX_LOG_LEVEL=error git fetch origin --unshallow 90db4eae60aded1c701da46acd76957327575372: 9ed4f4fd9d1fd973583e25dba39620cff8f1262e:
DEBUG: ran git fetch --unshallow origin 90db4eae60aded1c701da46acd76957327575372: 9ed4f4fd9d1fd973583e25dba39620cff8f1262e: in 
DEBUG: JX_LOG_LEVEL=error LC_ALL=C git branch
DEBUG: LC_ALL=C JX_LOG_LEVEL=error git checkout master
DEBUG: ran git checkout master in 
DEBUG: LC_ALL=C JX_LOG_LEVEL=error git reset --hard 9ed4f4fd9d1fd973583e25dba39620cff8f1262e
DEBUG: ran git reset --hard 9ed4f4fd9d1fd973583e25dba39620cff8f1262e in 
DEBUG: LC_ALL=C JX_LOG_LEVEL=error git clean -fd .
DEBUG: ran clean --force -d . in 
DEBUG: LC_ALL=C JX_LOG_LEVEL=error git merge 90db4eae60aded1c701da46acd76957327575372
DEBUG: ran git merge 90db4eae60aded1c701da46acd76957327575372 in 
DEBUG: LC_ALL=C JX_LOG_LEVEL=error git log --format=%H%x1f%an%x1f%ae%x1f%cn%x1f%ce%x1f%s%n%b%x1e 9ed4f4fd9d1fd973583e25dba39620cff8f1262e..HEAD
Merged SHA 90db4eae60aded1c701da46acd76957327575372 with commit message 'Update main.go' into base branch master

Showing logs for build [32mjstrachan-godemo40-pr-6-pr-buil-qp7wf-1[0m stage [32mfrom-build-pack[0m and container [32mstep-build-make-linux[0m
CGO_ENABLED=0 GOOS=linux GOARCH=amd64 GO15VENDOREXPERIMENT=1 go build -ldflags '' -o bin/godemo40 main.go

Showing logs for build [32mjstrachan-godemo40-pr-6-pr-buil-qp7wf-1[0m stage [32mfrom-build-pack[0m and container [32mstep-build-container-build[0m
ERROR: logging before flag.Parse: E0324 07:36:21.301985      11 metadata.go:241] Failed to unmarshal scopes: invalid character 'h' looking for beginning of value
[36mINFO[0m[0001] No base image, nothing to extract            
[36mINFO[0m[0001] cmd: EXPOSE                                  
[36mINFO[0m[0001] Adding exposed port: 8080/tcp                
[36mINFO[0m[0001] Using files from context: [/workspace/source/bin] 
[36mINFO[0m[0001] Skipping unpacking as no commands require it. 
[36mINFO[0m[0001] Taking snapshot of full filesystem...        
[36mINFO[0m[0001] EXPOSE 8080                                  
[36mINFO[0m[0001] cmd: EXPOSE                                  
[36mINFO[0m[0001] Adding exposed port: 8080/tcp                
[36mINFO[0m[0001] No files changed in this command, skipping snapshotting. 
[36mINFO[0m[0001] ENTRYPOINT ["/godemo40"]                     
[36mINFO[0m[0001] No files changed in this command, skipping snapshotting. 
[36mINFO[0m[0001] Using files from context: [/workspace/source/bin] 
[36mINFO[0m[0001] COPY ./bin/ /                                
[36mINFO[0m[0001] Taking snapshot of files...                  
2020/03/24 07:36:25 pushed blob: sha256:cffc926713b786be1552f67c0cb0052a69c703a1c149603793c1a5b47780a4e0
2020/03/24 07:36:25 pushed blob: sha256:dbe5d9059b69bb996cf56a65f194e960fc0bbc3ea905875b912a69dc9114b129
2020/03/24 07:36:27 gcr.io/*********-multicluster/godemo40:0.0.0-SNAPSHOT-PR-6-1: digest: sha256:c630eb072194187ce276c62a0eebd2c7d102db8eee0486d84b8afac098e03dc8 size: 428

Showing logs for build [32mjstrachan-godemo40-pr-6-pr-buil-qp7wf-1[0m stage [32mfrom-build-pack[0m and container [32mstep-postbuild-post-build[0m
no CVE provider running in the current ** namespace so skip adding image to be analysed

Showing logs for build [32mjstrachan-godemo40-pr-6-pr-buil-qp7wf-1[0m stage [32mfrom-build-pack[0m and container [32mstep-promote-make-preview[0m
sed -i -e "s/version:.*/version: 0.0.0-SNAPSHOT-PR-6-1/" Chart.yaml
sed -i -e "s/version:.*/version: 0.0.0-SNAPSHOT-PR-6-1/" ../*/Chart.yaml
sed -i -e "s|repository:.*|repository: gcr.io\/*********-multicluster\/godemo40|" values.yaml
sed -i -e "s/tag:.*/tag: 0.0.0-SNAPSHOT-PR-6-1/" values.yaml
echo "  version: 0.0.0-SNAPSHOT-PR-6-1" >> requirements.yaml
** step helm build
Adding missing Helm repo: storage.googleapis.com https://storage.googleapis.com/chartmuseum.jenkins-x.io
Successfully added Helm repository storage.googleapis.com.
Adding missing Helm repo: bucketrepo http://bucketrepo/bucketrepo/charts/
Successfully added Helm repository bucketrepo.
Adding missing Helm repo: chartmuseum.jenkins-x.io http://chartmuseum.jenkins-x.io
Successfully added Helm repository chartmuseum.jenkins-x.io.

Showing logs for build [32mjstrachan-godemo40-pr-6-pr-buil-qp7wf-1[0m stage [32mfrom-build-pack[0m and container [32mstep-promote-jx-preview[0m
Creating a preview
Found commit author match for: ********* with email address: james.strachan@gmail.com
Created environment *********-godemo40-pr-6
Namespace **-*********-godemo40-pr-6 created 
expose:
  Annotations:
    helm.sh/hook: post-install,post-upgrade
    helm.sh/hook-delete-policy: hook-succeeded
  config:
    domain: 35.240.16.53.nip.io
    exposer: Ingress
    http: "true"
preview:
  image:
    repository: gcr.io/*********-multicluster/godemo40
    tag: 0.0.0-SNAPSHOT-PR-6-1
adding helm values file /workspace/source/charts/preview/**Requirements.values.yaml for namespace **-*********-godemo40-pr-6
Cloning the Jenkins X versions repo https://github.com/jenkins-x-labs/jenkins-x-versions.git with ref refs/heads/master to /builder/home/.**/jenkins-x-versions
Updating PipelineActivities *********-godemo40-pr-6-1 which has status Running
Preview application is now available at: http://godemo40-**-*********-godemo40-pr-6.35.240.16.53.nip.io
WARNING: Failed to find the service godemo40 : failed to find service godemo40 in namespace **-*********-godemo40-pr-6: services "godemo40" not found
