
Showing logs for build [32mjstrachan-godemo40-pr-1-pr-buil-25txv-1[0m stage [32mfrom-build-pack[0m and container [32mstep-credential-initializer-7v4pc[0m
{"level":"warn","ts":1584962526.703463,"logger":"fallback-logger","caller":"logging/config.go:69","msg":"Fetch GitHub commit ID from kodata failed: \"ref: refs/heads/0.8.0-**-support-backwards-incompats\" is not a valid GitHub commit ID"}
{"level":"info","ts":1584962526.7040806,"logger":"fallback-logger","caller":"creds-init/main.go:40","msg":"Credentials initialized."}

Showing logs for build [32mjstrachan-godemo40-pr-1-pr-buil-25txv-1[0m stage [32mfrom-build-pack[0m and container [32mstep-working-dir-initializer-2n4xk[0m
{"level":"warn","ts":1584962527.6467502,"logger":"fallback-logger","caller":"logging/config.go:69","msg":"Fetch GitHub commit ID from kodata failed: open /var/run/ko/HEAD: no such file or directory"}
{"level":"info","ts":1584962527.6484823,"logger":"fallback-logger","caller":"bash/main.go:64","msg":"Successfully executed command \"sh -c mkdir -p /workspace/source\"; output "}

Showing logs for build [32mjstrachan-godemo40-pr-1-pr-buil-25txv-1[0m stage [32mfrom-build-pack[0m and container [32mstep-place-tools[0m

Showing logs for build [32mjstrachan-godemo40-pr-1-pr-buil-25txv-1[0m stage [32mfrom-build-pack[0m and container [32mstep-git-source-jstrachan-godemo40-pr-1-pr-buil-25txv-96vrk[0m
{"level":"warn","ts":1584962603.7618804,"logger":"fallback-logger","caller":"logging/config.go:69","msg":"Fetch GitHub commit ID from kodata failed: \"ref: refs/heads/0.8.0-**-support-backwards-incompats\" is not a valid GitHub commit ID"}
{"level":"info","ts":1584962604.8286784,"logger":"fallback-logger","caller":"git/git.go:103","msg":"Successfully cloned https://github.com/*********/godemo40.git @ master in path /workspace/source"}

Showing logs for build [32mjstrachan-godemo40-pr-1-pr-buil-25txv-1[0m stage [32mfrom-build-pack[0m and container [32mstep-git-merge[0m
Using SHAs from PULL_REFS=master:6a92c316cf02d704b5c412471d084d347ef9c891,1:34552a1a2f55e439dd008b52dea15b7d30edd0c6
DEBUG: LC_ALL=C JX_LOG_LEVEL=error git fetch origin --unshallow 34552a1a2f55e439dd008b52dea15b7d30edd0c6: 6a92c316cf02d704b5c412471d084d347ef9c891:
DEBUG: ran git fetch --unshallow origin 34552a1a2f55e439dd008b52dea15b7d30edd0c6: 6a92c316cf02d704b5c412471d084d347ef9c891: in 
DEBUG: LC_ALL=C JX_LOG_LEVEL=error git branch
DEBUG: LC_ALL=C JX_LOG_LEVEL=error git checkout master
DEBUG: ran git checkout master in 
DEBUG: LC_ALL=C JX_LOG_LEVEL=error git reset --hard 6a92c316cf02d704b5c412471d084d347ef9c891
DEBUG: ran git reset --hard 6a92c316cf02d704b5c412471d084d347ef9c891 in 
DEBUG: LC_ALL=C JX_LOG_LEVEL=error git clean -fd .
DEBUG: ran clean --force -d . in 
DEBUG: LC_ALL=C JX_LOG_LEVEL=error git merge 34552a1a2f55e439dd008b52dea15b7d30edd0c6
DEBUG: ran git merge 34552a1a2f55e439dd008b52dea15b7d30edd0c6 in 
DEBUG: LC_ALL=C JX_LOG_LEVEL=error git log --format=%H%x1f%an%x1f%ae%x1f%cn%x1f%ce%x1f%s%n%b%x1e 6a92c316cf02d704b5c412471d084d347ef9c891..HEAD
Merged SHA 34552a1a2f55e439dd008b52dea15b7d30edd0c6 with commit message 'Update main.go' into base branch master

Showing logs for build [32mjstrachan-godemo40-pr-1-pr-buil-25txv-1[0m stage [32mfrom-build-pack[0m and container [32mstep-build-make-linux[0m
CGO_ENABLED=0 GOOS=linux GOARCH=amd64 GO15VENDOREXPERIMENT=1 go build -ldflags '' -o bin/godemo40 main.go

Showing logs for build [32mjstrachan-godemo40-pr-1-pr-buil-25txv-1[0m stage [32mfrom-build-pack[0m and container [32mstep-build-container-build[0m
ERROR: logging before flag.Parse: E0323 11:23:35.001484      11 metadata.go:241] Failed to unmarshal scopes: invalid character 'h' looking for beginning of value
[36mINFO[0m[0003] No base image, nothing to extract            
[36mINFO[0m[0003] cmd: EXPOSE                                  
[36mINFO[0m[0003] Adding exposed port: 8080/tcp                
[36mINFO[0m[0003] Using files from context: [/workspace/source/bin] 
[36mINFO[0m[0003] Skipping unpacking as no commands require it. 
[36mINFO[0m[0003] Taking snapshot of full filesystem...        
[36mINFO[0m[0003] EXPOSE 8080                                  
[36mINFO[0m[0003] cmd: EXPOSE                                  
[36mINFO[0m[0003] Adding exposed port: 8080/tcp                
[36mINFO[0m[0003] No files changed in this command, skipping snapshotting. 
[36mINFO[0m[0003] ENTRYPOINT ["/godemo40"]                     
[36mINFO[0m[0003] No files changed in this command, skipping snapshotting. 
[36mINFO[0m[0003] Using files from context: [/workspace/source/bin] 
[36mINFO[0m[0003] COPY ./bin/ /                                
[36mINFO[0m[0003] Taking snapshot of files...                  
2020/03/23 11:23:38 pushed blob: sha256:d88bc40e7038bb264696185d7c76240512b6c50ae6c516d008ec598892ad8b97
2020/03/23 11:23:39 pushed blob: sha256:d55d8724f5a4b3a6a0e03c2750002745152f16cef206023a8eb029e1302e37be
2020/03/23 11:23:40 gcr.io/*********-multicluster/godemo40:0.0.0-SNAPSHOT-PR-1-1: digest: sha256:e198a33a66e8a41a5c24a38b1ae9019b0d0d76aa812151544d51cac74acb8f71 size: 428

Showing logs for build [32mjstrachan-godemo40-pr-1-pr-buil-25txv-1[0m stage [32mfrom-build-pack[0m and container [32mstep-postbuild-post-build[0m
no CVE provider running in the current ** namespace so skip adding image to be analysed

Showing logs for build [32mjstrachan-godemo40-pr-1-pr-buil-25txv-1[0m stage [32mfrom-build-pack[0m and container [32mstep-promote-make-preview[0m
sed -i -e "s/version:.*/version: 0.0.0-SNAPSHOT-PR-1-1/" Chart.yaml
sed -i -e "s/version:.*/version: 0.0.0-SNAPSHOT-PR-1-1/" ../*/Chart.yaml
sed -i -e "s|repository:.*|repository: gcr.io\/*********-multicluster\/godemo40|" values.yaml
sed -i -e "s/tag:.*/tag: 0.0.0-SNAPSHOT-PR-1-1/" values.yaml
echo "  version: 0.0.0-SNAPSHOT-PR-1-1" >> requirements.yaml
** step helm build
WARNING: failed to get the requirements from team settings: validation failures in requirements from team settings:
ingress: Additional property kind is not allowed
WARNING: No $CHART_REPOSITORY defined so using the default value of: http://jenkins-x-chartmuseum:8080
Adding missing Helm repo: storage.googleapis.com https://storage.googleapis.com/chartmuseum.jenkins-x.io
Successfully added Helm repository storage.googleapis.com.
Adding missing Helm repo: jenkins-x-chartmuseum http://jenkins-x-chartmuseum:8080
error: failed to add chart repositories: failed to add the Helm repository with URL 'http://jenkins-x-chartmuseum:8080': prompting for creds for http://jenkins-x-chartmuseum:8080: checking status code of http://jenkins-x-chartmuseum:8080/index.yaml: Get http://jenkins-x-chartmuseum:8080/index.yaml: dial tcp: lookup jenkins-x-chartmuseum on 10.51.240.10:53: no such host
make: *** [preview] Error 1
[31m
Pipeline failed on stage 'from-build-pack' : container 'step-promote-make-preview'. The execution of the pipeline has stopped.[0m
