
Showing logs for build [32mjstrachan-godemo40-pr-5-pr-buil-72tq7-1[0m stage [32mfrom-build-pack[0m and container [32mstep-credential-initializer-sjrg4[0m
{"level":"warn","ts":1584976308.5875635,"logger":"fallback-logger","caller":"logging/config.go:69","msg":"Fetch GitHub commit ID from kodata failed: \"ref: refs/heads/0.8.0-**-support-backwards-incompats\" is not a valid GitHub commit ID"}
{"level":"info","ts":1584976308.5881767,"logger":"fallback-logger","caller":"creds-init/main.go:40","msg":"Credentials initialized."}

Showing logs for build [32mjstrachan-godemo40-pr-5-pr-buil-72tq7-1[0m stage [32mfrom-build-pack[0m and container [32mstep-working-dir-initializer-pf8dq[0m
{"level":"warn","ts":1584976308.9282875,"logger":"fallback-logger","caller":"logging/config.go:69","msg":"Fetch GitHub commit ID from kodata failed: open /var/run/ko/HEAD: no such file or directory"}
{"level":"info","ts":1584976308.9307194,"logger":"fallback-logger","caller":"bash/main.go:64","msg":"Successfully executed command \"sh -c mkdir -p /workspace/source\"; output "}

Showing logs for build [32mjstrachan-godemo40-pr-5-pr-buil-72tq7-1[0m stage [32mfrom-build-pack[0m and container [32mstep-place-tools[0m

Showing logs for build [32mjstrachan-godemo40-pr-5-pr-buil-72tq7-1[0m stage [32mfrom-build-pack[0m and container [32mstep-git-source-jstrachan-godemo40-pr-5-pr-buil-72tq7-ncvg6[0m
{"level":"warn","ts":1584976349.0333354,"logger":"fallback-logger","caller":"logging/config.go:69","msg":"Fetch GitHub commit ID from kodata failed: \"ref: refs/heads/0.8.0-**-support-backwards-incompats\" is not a valid GitHub commit ID"}
{"level":"info","ts":1584976350.182005,"logger":"fallback-logger","caller":"git/git.go:103","msg":"Successfully cloned https://github.com/*********/godemo40.git @ master in path /workspace/source"}

Showing logs for build [32mjstrachan-godemo40-pr-5-pr-buil-72tq7-1[0m stage [32mfrom-build-pack[0m and container [32mstep-git-merge[0m
Using SHAs from PULL_REFS=master:9ed4f4fd9d1fd973583e25dba39620cff8f1262e,5:52df9eb4571384720cfb9128549bde6ffbdad06a
DEBUG: LC_ALL=C JX_LOG_LEVEL=error git fetch origin --unshallow 52df9eb4571384720cfb9128549bde6ffbdad06a: 9ed4f4fd9d1fd973583e25dba39620cff8f1262e:
DEBUG: ran git fetch --unshallow origin 52df9eb4571384720cfb9128549bde6ffbdad06a: 9ed4f4fd9d1fd973583e25dba39620cff8f1262e: in 
DEBUG: LC_ALL=C JX_LOG_LEVEL=error git branch
DEBUG: LC_ALL=C JX_LOG_LEVEL=error git checkout master
DEBUG: ran git checkout master in 
DEBUG: LC_ALL=C JX_LOG_LEVEL=error git reset --hard 9ed4f4fd9d1fd973583e25dba39620cff8f1262e
DEBUG: ran git reset --hard 9ed4f4fd9d1fd973583e25dba39620cff8f1262e in 
DEBUG: LC_ALL=C JX_LOG_LEVEL=error git clean -fd .
DEBUG: ran clean --force -d . in 
DEBUG: LC_ALL=C JX_LOG_LEVEL=error git merge 52df9eb4571384720cfb9128549bde6ffbdad06a
DEBUG: ran git merge 52df9eb4571384720cfb9128549bde6ffbdad06a in 
DEBUG: LC_ALL=C JX_LOG_LEVEL=error git log --format=%H%x1f%an%x1f%ae%x1f%cn%x1f%ce%x1f%s%n%b%x1e 9ed4f4fd9d1fd973583e25dba39620cff8f1262e..HEAD
Merged SHA 52df9eb4571384720cfb9128549bde6ffbdad06a with commit message 'Update main.go' into base branch master

Showing logs for build [32mjstrachan-godemo40-pr-5-pr-buil-72tq7-1[0m stage [32mfrom-build-pack[0m and container [32mstep-build-make-linux[0m
CGO_ENABLED=0 GOOS=linux GOARCH=amd64 GO15VENDOREXPERIMENT=1 go build -ldflags '' -o bin/godemo40 main.go

Showing logs for build [32mjstrachan-godemo40-pr-5-pr-buil-72tq7-1[0m stage [32mfrom-build-pack[0m and container [32mstep-build-container-build[0m
ERROR: logging before flag.Parse: E0323 15:12:39.795753      11 metadata.go:241] Failed to unmarshal scopes: invalid character 'h' looking for beginning of value
[36mINFO[0m[0002] No base image, nothing to extract            
[36mINFO[0m[0002] cmd: EXPOSE                                  
[36mINFO[0m[0002] Adding exposed port: 8080/tcp                
[36mINFO[0m[0002] Using files from context: [/workspace/source/bin] 
[36mINFO[0m[0002] Skipping unpacking as no commands require it. 
[36mINFO[0m[0002] Taking snapshot of full filesystem...        
[36mINFO[0m[0002] EXPOSE 8080                                  
[36mINFO[0m[0002] cmd: EXPOSE                                  
[36mINFO[0m[0002] Adding exposed port: 8080/tcp                
[36mINFO[0m[0002] No files changed in this command, skipping snapshotting. 
[36mINFO[0m[0002] ENTRYPOINT ["/godemo40"]                     
[36mINFO[0m[0002] No files changed in this command, skipping snapshotting. 
[36mINFO[0m[0002] Using files from context: [/workspace/source/bin] 
[36mINFO[0m[0002] COPY ./bin/ /                                
[36mINFO[0m[0002] Taking snapshot of files...                  
2020/03/23 15:12:43 pushed blob: sha256:26ee21b86dc30472216f613ac3f54bb248fd0f16caf85128d369ffa7a0f9741c
2020/03/23 15:12:44 pushed blob: sha256:48963aedcef623936135112dcfaf13651fbfd7196e73771ddbfc51bec51d39a6
2020/03/23 15:12:45 gcr.io/*********-multicluster/godemo40:0.0.0-SNAPSHOT-PR-5-1: digest: sha256:0aa80e2caf8a519510ca0c0ea41c91c574c431aecb2e0c53fd0988a8a762978e size: 428

Showing logs for build [32mjstrachan-godemo40-pr-5-pr-buil-72tq7-1[0m stage [32mfrom-build-pack[0m and container [32mstep-postbuild-post-build[0m
no CVE provider running in the current ** namespace so skip adding image to be analysed

Showing logs for build [32mjstrachan-godemo40-pr-5-pr-buil-72tq7-1[0m stage [32mfrom-build-pack[0m and container [32mstep-promote-make-preview[0m
sed -i -e "s/version:.*/version: 0.0.0-SNAPSHOT-PR-5-1/" Chart.yaml
sed -i -e "s/version:.*/version: 0.0.0-SNAPSHOT-PR-5-1/" ../*/Chart.yaml
sed -i -e "s|repository:.*|repository: gcr.io\/*********-multicluster\/godemo40|" values.yaml
sed -i -e "s/tag:.*/tag: 0.0.0-SNAPSHOT-PR-5-1/" values.yaml
echo "  version: 0.0.0-SNAPSHOT-PR-5-1" >> requirements.yaml
** step helm build
Adding missing Helm repo: storage.googleapis.com https://storage.googleapis.com/chartmuseum.jenkins-x.io
Successfully added Helm repository storage.googleapis.com.
Adding missing Helm repo: bucketrepo http://bucketrepo/bucketrepo/charts/
Successfully added Helm repository bucketrepo.
Adding missing Helm repo: chartmuseum.jenkins-x.io http://chartmuseum.jenkins-x.io
Successfully added Helm repository chartmuseum.jenkins-x.io.

Showing logs for build [32mjstrachan-godemo40-pr-5-pr-buil-72tq7-1[0m stage [32mfrom-build-pack[0m and container [32mstep-promote-jx-preview[0m
Creating a preview
Found commit author match for: ********* with email address: james.strachan@gmail.com
Created environment *********-godemo40-pr-5
Namespace **-*********-godemo40-pr-5 created 
expose:
  Annotations:
    helm.sh/hook: post-install,post-upgrade
    helm.sh/hook-delete-policy: hook-succeeded
  config:
    domain: 35.240.16.53.nip.io
    exposer: Ingress
    http: "true"
preview:
  image:
    repository: gcr.io/*********-multicluster/godemo40
    tag: 0.0.0-SNAPSHOT-PR-5-1
Cloning the Jenkins X versions repo https://github.com/jenkins-x-labs/jenkins-x-versions.git with ref refs/heads/master to /builder/home/.**/jenkins-x-versions
WARNING: Could not find the service URL in namespace **-*********-godemo40-pr-5 for names godemo40, preview, **-*********-godemo40-pr-5-preview, preview-godemo40: the server could not find the requested resource (get services.serving.knative.dev preview-godemo40)
Updating PipelineActivities *********-godemo40-pr-5-1 which has status Running
WARNING: Failed to find the service godemo40 : failed to find service godemo40 in namespace **-*********-godemo40-pr-5: services "godemo40" not found
