
Showing logs for build [32mjstrachan-godemo40-master-887qm-1[0m stage [32mfrom-build-pack[0m and container [32mstep-credential-initializer-dqm56[0m
{"level":"warn","ts":1584728200.8147998,"logger":"fallback-logger","caller":"logging/config.go:69","msg":"Fetch GitHub commit ID from kodata failed: \"ref: refs/heads/0.8.0-**-support-backwards-incompats\" is not a valid GitHub commit ID"}
{"level":"info","ts":1584728200.8157682,"logger":"fallback-logger","caller":"creds-init/main.go:40","msg":"Credentials initialized."}

Showing logs for build [32mjstrachan-godemo40-master-887qm-1[0m stage [32mfrom-build-pack[0m and container [32mstep-working-dir-initializer-g68xc[0m
{"level":"warn","ts":1584728201.9655428,"logger":"fallback-logger","caller":"logging/config.go:69","msg":"Fetch GitHub commit ID from kodata failed: open /var/run/ko/HEAD: no such file or directory"}
{"level":"info","ts":1584728201.9679291,"logger":"fallback-logger","caller":"bash/main.go:64","msg":"Successfully executed command \"sh -c mkdir -p /workspace/source\"; output "}

Showing logs for build [32mjstrachan-godemo40-master-887qm-1[0m stage [32mfrom-build-pack[0m and container [32mstep-place-tools[0m

Showing logs for build [32mjstrachan-godemo40-master-887qm-1[0m stage [32mfrom-build-pack[0m and container [32mstep-git-source-jstrachan-godemo40-master-887qm-9wg2h[0m
{"level":"warn","ts":1584728208.1806083,"logger":"fallback-logger","caller":"logging/config.go:69","msg":"Fetch GitHub commit ID from kodata failed: \"ref: refs/heads/0.8.0-**-support-backwards-incompats\" is not a valid GitHub commit ID"}
{"level":"info","ts":1584728209.2677407,"logger":"fallback-logger","caller":"git/git.go:103","msg":"Successfully cloned https://github.com/*********/godemo40.git @ v0.0.8 in path /workspace/source"}

Showing logs for build [32mjstrachan-godemo40-master-887qm-1[0m stage [32mfrom-build-pack[0m and container [32mstep-git-merge[0m
Using SHAs from PULL_REFS=master:
WARNING: no SHAs to merge, falling back to initial cloned commit

Showing logs for build [32mjstrachan-godemo40-master-887qm-1[0m stage [32mfrom-build-pack[0m and container [32mstep-setup-jx-git-credentials[0m
Generated Git credentials file /workspace/xdg_config/git/credentials

Showing logs for build [32mjstrachan-godemo40-master-887qm-1[0m stage [32mfrom-build-pack[0m and container [32mstep-build-make-build[0m
CGO_ENABLED=0 GO15VENDOREXPERIMENT=1 go build -ldflags '' -o bin/godemo40 main.go

Showing logs for build [32mjstrachan-godemo40-master-887qm-1[0m stage [32mfrom-build-pack[0m and container [32mstep-build-container-build[0m
ERROR: logging before flag.Parse: E0320 18:17:03.365890      12 metadata.go:241] Failed to unmarshal scopes: invalid character 'h' looking for beginning of value
[36mINFO[0m[0001] No base image, nothing to extract            
[36mINFO[0m[0001] cmd: EXPOSE                                  
[36mINFO[0m[0001] Adding exposed port: 8080/tcp                
[36mINFO[0m[0001] Using files from context: [/workspace/source/bin] 
[36mINFO[0m[0001] Skipping unpacking as no commands require it. 
[36mINFO[0m[0001] Taking snapshot of full filesystem...        
[36mINFO[0m[0001] EXPOSE 8080                                  
[36mINFO[0m[0001] cmd: EXPOSE                                  
[36mINFO[0m[0001] Adding exposed port: 8080/tcp                
[36mINFO[0m[0001] No files changed in this command, skipping snapshotting. 
[36mINFO[0m[0001] ENTRYPOINT ["/godemo40"]                     
[36mINFO[0m[0001] No files changed in this command, skipping snapshotting. 
[36mINFO[0m[0001] Using files from context: [/workspace/source/bin] 
[36mINFO[0m[0001] COPY ./bin/ /                                
[36mINFO[0m[0001] Taking snapshot of files...                  
2020/03/20 18:17:07 pushed blob: sha256:fe131fe9a61e11b51d7285640eb9859fa1cdb8b1e57ba82eeff8dff8a54a607a
2020/03/20 18:17:08 pushed blob: sha256:4c2e9ffa11247a77196dd394ed831eb681b380e61e22ddaa2db13e099b2bca62
2020/03/20 18:17:10 gcr.io/*********-multicluster/godemo40:0.0.8: digest: sha256:0abdf0b075d142a6a38ac0b08bedb2e57ced34626ec08f3694d53432fd8d6c45 size: 428

Showing logs for build [32mjstrachan-godemo40-master-887qm-1[0m stage [32mfrom-build-pack[0m and container [32mstep-build-post-build[0m
no CVE provider running in the current ** namespace so skip adding image to be analysed

Showing logs for build [32mjstrachan-godemo40-master-887qm-1[0m stage [32mfrom-build-pack[0m and container [32mstep-promote-changelog[0m
Converted /workspace/source/charts/godemo40 to an unshallow repository
Generating change log from git ref a00ad5d6db5252088eaa95267136b6a421a193a2 => 9f225ceff7c2a301c247862c229ee18cb6955ae8
WARNING: No release found for *********/godemo40 and tag v0.0.8 so creating a new release
Updated the release information at https://github.com/*********/godemo40/releases/tag/v0.0.8
generated: /workspace/source/charts/godemo40/templates/release.yaml
Created Release godemo40-0-0-8 resource in namespace **
Updating PipelineActivity *********-godemo40-master-1 with version 0.0.8
Updated PipelineActivities *********-godemo40-master-1 with release notes URL: https://github.com/*********/godemo40/releases/tag/v0.0.8

Showing logs for build [32mjstrachan-godemo40-master-887qm-1[0m stage [32mfrom-build-pack[0m and container [32mstep-promote-helm-release[0m
Adding missing Helm repo: storage.googleapis.com https://storage.googleapis.com/chartmuseum.jenkins-x.io
Successfully added Helm repository storage.googleapis.com.
Adding missing Helm repo: bucketrepo http://bucketrepo/bucketrepo/charts/
Successfully added Helm repository bucketrepo.
Uploading chart file godemo40-0.0.8.tgz to http://bucketrepo/bucketrepo/charts/api/charts
Received 200 response: 

Showing logs for build [32mjstrachan-godemo40-master-887qm-1[0m stage [32mfrom-build-pack[0m and container [32mstep-promote-jx-promote[0m
WARNING: prow based install so skip waiting for the merge of Pull Requests to go green as currently there is an issue with gettingstatuses from the PR, see https://github.com/jenkins-x/**/issues/2410
WARNING: No $CHART_REPOSITORY defined so using the default value of: http://jenkins-x-chartmuseum:8080
Promoting app godemo40 version 0.0.8 to namespace **-staging
WARNING: 
Created Pull Request: https://github.com/*********/environment-bucketrepo-staging/pull/40
Added label updatebot to Pull Request https://github.com/*********/environment-bucketrepo-staging/pull/40
got git provider status pending from PR https://github.com/*********/environment-bucketrepo-staging/pull/40
got git provider status pending from PR https://github.com/*********/environment-bucketrepo-staging/pull/40
got git provider status pending from PR https://github.com/*********/environment-bucketrepo-staging/pull/40
got git provider status pending from PR https://github.com/*********/environment-bucketrepo-staging/pull/40
Pull Request https://github.com/*********/environment-bucketrepo-staging/pull/40 is merged at sha 813223ac2d125627790a03a98ffcdc03969a2539
Pull Request merged but we are not waiting for the update pipeline to complete!
