
Showing logs for build [32mjstrachan-godemo40-master-hvm77-4[0m stage [32mfrom-build-pack[0m and container [32mstep-credential-initializer-bwxwn[0m
{"level":"warn","ts":1584722155.3845565,"logger":"fallback-logger","caller":"logging/config.go:69","msg":"Fetch GitHub commit ID from kodata failed: \"ref: refs/heads/0.8.0-**-support-backwards-incompats\" is not a valid GitHub commit ID"}
{"level":"info","ts":1584722155.385317,"logger":"fallback-logger","caller":"creds-init/main.go:40","msg":"Credentials initialized."}

Showing logs for build [32mjstrachan-godemo40-master-hvm77-4[0m stage [32mfrom-build-pack[0m and container [32mstep-working-dir-initializer-t8rlw[0m
{"level":"warn","ts":1584722156.4485693,"logger":"fallback-logger","caller":"logging/config.go:69","msg":"Fetch GitHub commit ID from kodata failed: open /var/run/ko/HEAD: no such file or directory"}
{"level":"info","ts":1584722156.4501345,"logger":"fallback-logger","caller":"bash/main.go:64","msg":"Successfully executed command \"sh -c mkdir -p /workspace/source\"; output "}

Showing logs for build [32mjstrachan-godemo40-master-hvm77-4[0m stage [32mfrom-build-pack[0m and container [32mstep-place-tools[0m

Showing logs for build [32mjstrachan-godemo40-master-hvm77-4[0m stage [32mfrom-build-pack[0m and container [32mstep-git-source-jstrachan-godemo40-master-hvm77-xwbqr[0m
{"level":"warn","ts":1584722163.6028788,"logger":"fallback-logger","caller":"logging/config.go:69","msg":"Fetch GitHub commit ID from kodata failed: \"ref: refs/heads/0.8.0-**-support-backwards-incompats\" is not a valid GitHub commit ID"}
{"level":"info","ts":1584722164.658166,"logger":"fallback-logger","caller":"git/git.go:103","msg":"Successfully cloned https://github.com/*********/godemo40.git @ v0.0.4 in path /workspace/source"}

Showing logs for build [32mjstrachan-godemo40-master-hvm77-4[0m stage [32mfrom-build-pack[0m and container [32mstep-git-merge[0m
Using SHAs from PULL_REFS=master:351923e6e7bcaf331c7c337948fe0f5127add123
WARNING: no SHAs to merge, falling back to initial cloned commit

Showing logs for build [32mjstrachan-godemo40-master-hvm77-4[0m stage [32mfrom-build-pack[0m and container [32mstep-setup-jx-git-credentials[0m
Generated Git credentials file /workspace/xdg_config/git/credentials

Showing logs for build [32mjstrachan-godemo40-master-hvm77-4[0m stage [32mfrom-build-pack[0m and container [32mstep-build-make-build[0m
CGO_ENABLED=0 GO15VENDOREXPERIMENT=1 go build -ldflags '' -o bin/godemo40 main.go

Showing logs for build [32mjstrachan-godemo40-master-hvm77-4[0m stage [32mfrom-build-pack[0m and container [32mstep-build-container-build[0m
ERROR: logging before flag.Parse: E0320 16:36:17.865046      13 metadata.go:241] Failed to unmarshal scopes: invalid character 'h' looking for beginning of value
[36mINFO[0m[0001] No base image, nothing to extract            
[36mINFO[0m[0001] cmd: EXPOSE                                  
[36mINFO[0m[0001] Adding exposed port: 8080/tcp                
[36mINFO[0m[0001] Using files from context: [/workspace/source/bin] 
[36mINFO[0m[0001] Skipping unpacking as no commands require it. 
[36mINFO[0m[0001] Taking snapshot of full filesystem...        
[36mINFO[0m[0001] EXPOSE 8080                                  
[36mINFO[0m[0001] cmd: EXPOSE                                  
[36mINFO[0m[0001] Adding exposed port: 8080/tcp                
[36mINFO[0m[0001] No files changed in this command, skipping snapshotting. 
[36mINFO[0m[0001] ENTRYPOINT ["/godemo40"]                     
[36mINFO[0m[0001] No files changed in this command, skipping snapshotting. 
[36mINFO[0m[0001] Using files from context: [/workspace/source/bin] 
[36mINFO[0m[0001] COPY ./bin/ /                                
[36mINFO[0m[0001] Taking snapshot of files...                  
2020/03/20 16:36:22 pushed blob: sha256:c4f15ccca6be38f9fbd8de69c91692d1782b25a9accf3dc1bd32a221de8f7414
2020/03/20 16:36:24 pushed blob: sha256:cb3dbac151f34e78fe46f0c7f3fc4b0b2e2137655e0a1c969d672f2a1ca942b5
2020/03/20 16:36:25 gcr.io/*********-multicluster/godemo40:0.0.4: digest: sha256:48827fc9f245e2836f535d12166788ad88dfaca2e42ac63644aaa298ae01a2f4 size: 428

Showing logs for build [32mjstrachan-godemo40-master-hvm77-4[0m stage [32mfrom-build-pack[0m and container [32mstep-build-post-build[0m
no CVE provider running in the current ** namespace so skip adding image to be analysed

Showing logs for build [32mjstrachan-godemo40-master-hvm77-4[0m stage [32mfrom-build-pack[0m and container [32mstep-promote-changelog[0m
Converted /workspace/source/charts/godemo40 to an unshallow repository
Generating change log from git ref 42d8a41ab83ecc195508eb35758d5ff544d1b0e8 => b1ace773f778cec75951a549504cb9998c5bb4b0
Associating user x-0 in users.jenkins.io with email james.strachan@gmail.com to git GitProvider user with login -0 as emails match
Adding label jenkins.io/git-github-userid=-0 to user x-0 in users.jenkins.io
WARNING: Failed to enrich commit 351923e6e7bcaf331c7c337948fe0f5127add123 with issues: User.jenkins.io "x-0" is invalid: metadata.labels: Invalid value: "-0": a valid label must be an empty string or consist of alphanumeric characters, '-', '_' or '.', and must start and end with an alphanumeric character (e.g. 'MyValue',  or 'my_value',  or '12345', regex used for validation is '(([A-Za-z0-9][-A-Za-z0-9_.]*)?[A-Za-z0-9])?')
WARNING: Failed to enrich commit 351923e6e7bcaf331c7c337948fe0f5127add123 with issues: users.jenkins.io "x-0" already exists
Finding issues in commit messages using git format
WARNING: No release found for *********/godemo40 and tag v0.0.4 so creating a new release
Updated the release information at https://github.com/*********/godemo40/releases/tag/v0.0.4
generated: /workspace/source/charts/godemo40/templates/release.yaml
Created Release godemo40-0-0-4 resource in namespace **
Updating PipelineActivity *********-godemo40-master-4 with version 0.0.4
Updated PipelineActivities *********-godemo40-master-4 with release notes URL: https://github.com/*********/godemo40/releases/tag/v0.0.4

Showing logs for build [32mjstrachan-godemo40-master-hvm77-4[0m stage [32mfrom-build-pack[0m and container [32mstep-promote-helm-release[0m
Adding missing Helm repo: storage.googleapis.com https://storage.googleapis.com/chartmuseum.jenkins-x.io
Successfully added Helm repository storage.googleapis.com.
Adding missing Helm repo: bucketrepo http://bucketrepo/bucketrepo/charts/
Successfully added Helm repository bucketrepo.
Uploading chart file godemo40-0.0.4.tgz to http://bucketrepo/bucketrepo/charts/api/charts
Received 200 response: 

Showing logs for build [32mjstrachan-godemo40-master-hvm77-4[0m stage [32mfrom-build-pack[0m and container [32mstep-promote-jx-promote[0m
WARNING: prow based install so skip waiting for the merge of Pull Requests to go green as currently there is an issue with gettingstatuses from the PR, see https://github.com/jenkins-x/**/issues/2410
WARNING: No $CHART_REPOSITORY defined so using the default value of: http://jenkins-x-chartmuseum:8080
Promoting app godemo40 version 0.0.4 to namespace **-staging
WARNING: 
Created Pull Request: https://github.com/*********/environment-bucketrepo-staging/pull/36
Added label updatebot to Pull Request https://github.com/*********/environment-bucketrepo-staging/pull/36
WARNING: Failed to query the Pull Request last commit status for https://github.com/*********/environment-bucketrepo-staging/pull/36 ref 2cfbc882c7de8bd6cb072e093942b107b705eba6 Could not find a status for repository *********/environment-bucketrepo-staging with ref 2cfbc882c7de8bd6cb072e093942b107b705eba6
got git provider status pending from PR https://github.com/*********/environment-bucketrepo-staging/pull/36
got git provider status pending from PR https://github.com/*********/environment-bucketrepo-staging/pull/36
got git provider status pending from PR https://github.com/*********/environment-bucketrepo-staging/pull/36
Pull Request https://github.com/*********/environment-bucketrepo-staging/pull/36 is merged at sha 4407d04f9e05145f115acdeb8739c80381d9d1bf
Pull Request merged but we are not waiting for the update pipeline to complete!
