
Showing logs for build [32mjstrachan-godemo40-pr-2-pr-buil-v62qx-1[0m stage [32mfrom-build-pack[0m and container [32mstep-credential-initializer-j6fmr[0m
{"level":"warn","ts":1584973018.3741753,"logger":"fallback-logger","caller":"logging/config.go:69","msg":"Fetch GitHub commit ID from kodata failed: \"ref: refs/heads/0.8.0-**-support-backwards-incompats\" is not a valid GitHub commit ID"}
{"level":"info","ts":1584973018.3751788,"logger":"fallback-logger","caller":"creds-init/main.go:40","msg":"Credentials initialized."}

Showing logs for build [32mjstrachan-godemo40-pr-2-pr-buil-v62qx-1[0m stage [32mfrom-build-pack[0m and container [32mstep-working-dir-initializer-rfwrx[0m
{"level":"warn","ts":1584973019.3619177,"logger":"fallback-logger","caller":"logging/config.go:69","msg":"Fetch GitHub commit ID from kodata failed: open /var/run/ko/HEAD: no such file or directory"}
{"level":"info","ts":1584973019.3638406,"logger":"fallback-logger","caller":"bash/main.go:64","msg":"Successfully executed command \"sh -c mkdir -p /workspace/source\"; output "}

Showing logs for build [32mjstrachan-godemo40-pr-2-pr-buil-v62qx-1[0m stage [32mfrom-build-pack[0m and container [32mstep-place-tools[0m

Showing logs for build [32mjstrachan-godemo40-pr-2-pr-buil-v62qx-1[0m stage [32mfrom-build-pack[0m and container [32mstep-git-source-jstrachan-godemo40-pr-2-pr-buil-v62qx-q2g6v[0m
{"level":"warn","ts":1584973025.4840715,"logger":"fallback-logger","caller":"logging/config.go:69","msg":"Fetch GitHub commit ID from kodata failed: \"ref: refs/heads/0.8.0-**-support-backwards-incompats\" is not a valid GitHub commit ID"}
{"level":"info","ts":1584973026.8698409,"logger":"fallback-logger","caller":"git/git.go:103","msg":"Successfully cloned https://github.com/*********/godemo40.git @ master in path /workspace/source"}

Showing logs for build [32mjstrachan-godemo40-pr-2-pr-buil-v62qx-1[0m stage [32mfrom-build-pack[0m and container [32mstep-git-merge[0m
Using SHAs from PULL_REFS=master:9ed4f4fd9d1fd973583e25dba39620cff8f1262e,2:a7885186d786baff02ac98983f8a3ea12d5fcb2d
DEBUG: LC_ALL=C JX_LOG_LEVEL=error git fetch origin --unshallow a7885186d786baff02ac98983f8a3ea12d5fcb2d: 9ed4f4fd9d1fd973583e25dba39620cff8f1262e:
DEBUG: ran git fetch --unshallow origin a7885186d786baff02ac98983f8a3ea12d5fcb2d: 9ed4f4fd9d1fd973583e25dba39620cff8f1262e: in 
DEBUG: LC_ALL=C JX_LOG_LEVEL=error git branch
DEBUG: LC_ALL=C JX_LOG_LEVEL=error git checkout master
DEBUG: ran git checkout master in 
DEBUG: LC_ALL=C JX_LOG_LEVEL=error git reset --hard 9ed4f4fd9d1fd973583e25dba39620cff8f1262e
DEBUG: ran git reset --hard 9ed4f4fd9d1fd973583e25dba39620cff8f1262e in 
DEBUG: LC_ALL=C JX_LOG_LEVEL=error git clean -fd .
DEBUG: ran clean --force -d . in 
DEBUG: JX_LOG_LEVEL=error LC_ALL=C git merge a7885186d786baff02ac98983f8a3ea12d5fcb2d
DEBUG: ran git merge a7885186d786baff02ac98983f8a3ea12d5fcb2d in 
DEBUG: JX_LOG_LEVEL=error LC_ALL=C git log --format=%H%x1f%an%x1f%ae%x1f%cn%x1f%ce%x1f%s%n%b%x1e 9ed4f4fd9d1fd973583e25dba39620cff8f1262e..HEAD
Merged SHA a7885186d786baff02ac98983f8a3ea12d5fcb2d with commit message 'Update main.go' into base branch master

Showing logs for build [32mjstrachan-godemo40-pr-2-pr-buil-v62qx-1[0m stage [32mfrom-build-pack[0m and container [32mstep-build-make-linux[0m
CGO_ENABLED=0 GOOS=linux GOARCH=amd64 GO15VENDOREXPERIMENT=1 go build -ldflags '' -o bin/godemo40 main.go

Showing logs for build [32mjstrachan-godemo40-pr-2-pr-buil-v62qx-1[0m stage [32mfrom-build-pack[0m and container [32mstep-build-container-build[0m
ERROR: logging before flag.Parse: E0323 14:17:16.458463      12 metadata.go:241] Failed to unmarshal scopes: invalid character 'h' looking for beginning of value
[36mINFO[0m[0001] No base image, nothing to extract            
[36mINFO[0m[0001] cmd: EXPOSE                                  
[36mINFO[0m[0001] Adding exposed port: 8080/tcp                
[36mINFO[0m[0001] Using files from context: [/workspace/source/bin] 
[36mINFO[0m[0001] Skipping unpacking as no commands require it. 
[36mINFO[0m[0001] Taking snapshot of full filesystem...        
[36mINFO[0m[0001] EXPOSE 8080                                  
[36mINFO[0m[0001] cmd: EXPOSE                                  
[36mINFO[0m[0001] Adding exposed port: 8080/tcp                
[36mINFO[0m[0001] No files changed in this command, skipping snapshotting. 
[36mINFO[0m[0001] ENTRYPOINT ["/godemo40"]                     
[36mINFO[0m[0001] No files changed in this command, skipping snapshotting. 
[36mINFO[0m[0001] Using files from context: [/workspace/source/bin] 
[36mINFO[0m[0001] COPY ./bin/ /                                
[36mINFO[0m[0001] Taking snapshot of files...                  
2020/03/23 14:17:20 pushed blob: sha256:dd68a3e0fff81989abfb8dad002d188ca78789a4b88ae4bb4bcef0e22e875f53
2020/03/23 14:17:20 pushed blob: sha256:e4f3f8032297d28db8e0564a6cadb6498220035a6999d19c3641db68f9e9bc50
2020/03/23 14:17:22 gcr.io/*********-multicluster/godemo40:0.0.0-SNAPSHOT-PR-2-1: digest: sha256:dacf2fc6a1e265843bec81be14c0526d2ab5d3a343c24433369911a297d58bf9 size: 428

Showing logs for build [32mjstrachan-godemo40-pr-2-pr-buil-v62qx-1[0m stage [32mfrom-build-pack[0m and container [32mstep-postbuild-post-build[0m
no CVE provider running in the current ** namespace so skip adding image to be analysed

Showing logs for build [32mjstrachan-godemo40-pr-2-pr-buil-v62qx-1[0m stage [32mfrom-build-pack[0m and container [32mstep-promote-make-preview[0m
sed -i -e "s/version:.*/version: 0.0.0-SNAPSHOT-PR-2-1/" Chart.yaml
sed -i -e "s/version:.*/version: 0.0.0-SNAPSHOT-PR-2-1/" ../*/Chart.yaml
sed -i -e "s|repository:.*|repository: gcr.io\/*********-multicluster\/godemo40|" values.yaml
sed -i -e "s/tag:.*/tag: 0.0.0-SNAPSHOT-PR-2-1/" values.yaml
echo "  version: 0.0.0-SNAPSHOT-PR-2-1" >> requirements.yaml
** step helm build
WARNING: failed to get the requirements from team settings: validation failures in requirements from team settings:
ingress: Additional property kind is not allowed
WARNING: No $CHART_REPOSITORY defined so using the default value of: http://jenkins-x-chartmuseum:8080
Adding missing Helm repo: storage.googleapis.com https://storage.googleapis.com/chartmuseum.jenkins-x.io
Successfully added Helm repository storage.googleapis.com.
Adding missing Helm repo: jenkins-x-chartmuseum http://jenkins-x-chartmuseum:8080
error: failed to add chart repositories: failed to add the Helm repository with URL 'http://jenkins-x-chartmuseum:8080': prompting for creds for http://jenkins-x-chartmuseum:8080: checking status code of http://jenkins-x-chartmuseum:8080/index.yaml: Get http://jenkins-x-chartmuseum:8080/index.yaml: dial tcp: lookup jenkins-x-chartmuseum on 10.51.240.10:53: no such host
make: *** [preview] Error 1
[31m
Pipeline failed on stage 'from-build-pack' : container 'step-promote-make-preview'. The execution of the pipeline has stopped.[0m
